<?xml version="1.0" encoding="UTF-8"?>
<!-- Generated by org.testng.reporters.JUnitReportReporter -->
<testsuite hostname="KARNA" failures="0" tests="3" name="com.crm.qa.testcases.LoginPageTest" time="23.370" errors="0" timestamp="01 Mar 2024 10:53:56 GMT" skipped="0">
  <testcase classname="com.crm.qa.testcases.LoginPageTest" name="loginPageTitleTest" time="6.663"/>
  <testcase classname="com.crm.qa.testcases.LoginPageTest" name="crmLogoImageTest" time="12.752"/>
  <testcase classname="com.crm.qa.testcases.LoginPageTest" name="loginTest" time="3.955"/>
</testsuite> <!-- com.crm.qa.testcases.LoginPageTest -->
