<?xml version="1.0" encoding="UTF-8"?>
<!-- Generated by org.testng.reporters.JUnitReportReporter -->
<testsuite hostname="KARNA" failures="0" tests="2" name="com.crm.qa.testcases.ImmigrationPageTest" time="53.951" errors="0" timestamp="01 Mar 2024 14:28:17 GMT" skipped="0">
  <testcase classname="com.crm.qa.testcases.ImmigrationPageTest" name="addRecords" time="27.903"/>
  <testcase classname="com.crm.qa.testcases.ImmigrationPageTest" name="VerifyTitle" time="26.048"/>
</testsuite> <!-- com.crm.qa.testcases.ImmigrationPageTest -->
